This is METAFONT, Version 2.7182818 (TeX Live 2016) (preloaded base=mf 2016.5.22)  28 MAY 2019 11:21
**\mode:=cx; mag:=3+270/300; nonstopmode; input cmmi10
(/usr/local/texlive/2016/texmf-dist/fonts/source/public/cm/cmmi10.mf
(/usr/local/texlive/2016/texmf-dist/fonts/source/public/cm/cmbase.mf)
(/usr/local/texlive/2016/texmf-dist/fonts/source/public/cm/mathit.mf
(/usr/local/texlive/2016/texmf-dist/fonts/source/public/cm/romanu.mf [65]
[66] [67] [68] [69] [70] [71] [72] [73] [74] [75] [76] [77] [78] [79] [80]
[81] [82] [83] [84] [85] [86] [87] [88] [89] [90])
(/usr/local/texlive/2016/texmf-dist/fonts/source/public/cm/itall.mf [97]
[98] [99] [100] [101] [102] [103] [104] [105] [106] [107]
! Interruption.
sloped_serif.l->...=y(SUFFIX4)1-(EXPR7);y(SUFFIX4)
                                                  0=y(SUFFIX4)2l-bracket-eps...
l.214 sloped_serif.l(1,2,a,1/3,jut,serif_drop)
                                              ;  % serif
? 
! Emergency stop.
sloped_serif.l->...=y(SUFFIX4)1-(EXPR7);y(SUFFIX4)
                                                  0=y(SUFFIX4)2l-bracket-eps...
l.214 sloped_serif.l(1,2,a,1/3,jut,serif_drop)
                                              ;  % serif
End of file on the terminal!

Font metrics written on cmmi10.tfm.
Output written on cmmi10.1170gf (37 characters, 16164 bytes).
